v1.1.8
增加模块图标隐藏
增加WebDav多配置
修复部分已知问题

v1.1.7
增加语音评论保存
调整视频下载清晰度
调整抖音支持版本提示
修复图文下载问题

v1.1.6
增加抖音设置页模块入口
增加长按视频唤起模块菜单
移除抖音内置模块更新提示
修复插件化产生的一个错误
修复部分其它已知问题

v1.1.5
修复下载对话框不关闭
修复下载通知栏在UI线程下造成视频卡顿
修复部分机型开启清爽模式后长按弹窗不响应
修复部分其它已知问题

v1.1.4
增加禁用双击点赞
调整清爽模式逻辑
调整评论区图片格式、保存路径
调整表情包、评论区图片/视频保存后刷新相册
调整模块配置为MMKV(安装包体积增加近3m, 须知)

v1.1.3
适配抖音25.6.0、25.7.0、25.8.0、25.9.0
隐藏评论区我也发一张
调整清爽模式为半屏长按
调整模块内置菜单
修复部分小问题

v1.1.2
适配抖音25.5.0
调整清爽模式切换逻辑
修复自定义文件名空白字符下载失败

v1.1.1
增加视频/图文下载时自定义文件名
增加首页视频清爽模式
增加震动反馈开关
修复部分页面顶部仍被重构

v1.1.0
适配抖音25.2.0
修复好友分享内容顶部被重构
修复首页顶部tab切换时半透明丢失
修复底部弹层样式表情包无法保存
适配列表仅作为参考，请自行测试各项功能

v1.0.9
视频/图文下载文件名账号问题

v1.0.8
修复评论区图片保存造成崩溃
修复评论区图片只能保存第一张情况
修复用户主页图文详情顶部被重构
修复Android11以上部分机型存储权限
minSdk更改为24
致谢@LuckyPray/DexKit

v1.0.7
适配抖音25.0.0、25.1.0
增加首页控件半透明
兼容原版Xposed框架模块显示未加载
兼容抖音旧预览表情包保存
兼容抖音评论区视频保存(部分机型可能无法使用)
修复Xpler参数args空指针无法hook情况
修复弹窗在Android13偶现多次弹出情况
修复WebDav上传通知栏提示

v1.0.6
适配抖音24.9.0
增加WebDav

v1.0.5
适配抖音24.8.0
适配抖音23.5.0、23.6.0、23.7.0、23.8.0、23.9.0

v1.0.4
适配抖音24.7.0
优化Hook逻辑

v1.0.3
适配抖音24.0.0、24.1.0、24.2.0、24.3.0
修复评论区图片24.4.0无法保存情况

v1.0.2
适配抖音24.6.0
更换评论区图片的判断逻辑

v1.0.1
文件名过长无法下载
关注页未获取到基本信息

v1.0.0
适配抖音24.4.0、24.5.0